<?xml version="1.0" encoding="UTF-8"?>
<!-- Generated by org.testng.reporters.JUnitReportReporter -->
<testsuite skipped="0" hostname="JHANSI-PC" name="readingData.ReadingDataExcel_Test" tests="1" failures="0" timestamp="17 Dec 2018 09:24:13 GMT" time="0.749" errors="0">
  <testcase name="sheet" time="0.749" classname="readingData.ReadingDataExcel_Test"/>
</testsuite> <!-- readingData.ReadingDataExcel_Test -->
